0 info it worked if it ends with ok
1 verbose cli [ '/Users/percyteng/.nvm/versions/node/v4.2.2/bin/node',
1 verbose cli   '/Users/percyteng/.nvm/versions/node/v4.2.2/bin/npm',
1 verbose cli   'start' ]
2 info using npm@3.10.5
3 info using node@v4.2.2
4 verbose stack Error: missing script: start
4 verbose stack     at run (/Users/percyteng/.nvm/versions/node/v4.2.2/lib/node_modules/npm/lib/run-script.js:151:19)
4 verbose stack     at /Users/percyteng/.nvm/versions/node/v4.2.2/lib/node_modules/npm/lib/run-script.js:61:5
4 verbose stack     at /Users/percyteng/.nvm/versions/node/v4.2.2/lib/node_modules/npm/node_modules/read-package-json/read-json.js:356:5
4 verbose stack     at checkBinReferences_ (/Users/percyteng/.nvm/versions/node/v4.2.2/lib/node_modules/npm/node_modules/read-package-json/read-json.js:320:45)
4 verbose stack     at final (/Users/percyteng/.nvm/versions/node/v4.2.2/lib/node_modules/npm/node_modules/read-package-json/read-json.js:354:3)
4 verbose stack     at then (/Users/percyteng/.nvm/versions/node/v4.2.2/lib/node_modules/npm/node_modules/read-package-json/read-json.js:124:5)
4 verbose stack     at ReadFileContext.<anonymous> (/Users/percyteng/.nvm/versions/node/v4.2.2/lib/node_modules/npm/node_modules/read-package-json/read-json.js:295:20)
4 verbose stack     at ReadFileContext.callback (/Users/percyteng/.nvm/versions/node/v4.2.2/lib/node_modules/npm/node_modules/graceful-fs/graceful-fs.js:78:16)
4 verbose stack     at FSReqWrap.readFileAfterOpen [as oncomplete] (fs.js:303:13)
5 verbose cwd /Users/percyteng/Documents/web dev/Portfolio-website/personalsite
6 error Darwin 15.6.0
7 error argv "/Users/percyteng/.nvm/versions/node/v4.2.2/bin/node" "/Users/percyteng/.nvm/versions/node/v4.2.2/bin/npm" "start"
8 error node v4.2.2
9 error npm  v3.10.5
10 error missing script: start
11 error If you need help, you may report this error at:
11 error     <https://github.com/npm/npm/issues>
12 verbose exit [ 1, true ]
